c:\users\aacit\documents\oasis-challenge-baseline-code-and-models\oasis baseline source code\oasis baseline source\genscan\x64\release\vc140.pdb
c:\users\aacit\documents\oasis-challenge-baseline-code-and-models\oasis baseline source code\oasis baseline source\genscan\x64\release\writescanxml.obj
c:\users\aacit\documents\oasis-challenge-baseline-code-and-models\oasis baseline source code\oasis baseline source\genscan\x64\release\scanpath.obj
c:\users\aacit\documents\oasis-challenge-baseline-code-and-models\oasis baseline source code\oasis baseline source\genscan\x64\release\readlayerxml.obj
c:\users\aacit\documents\oasis-challenge-baseline-code-and-models\oasis baseline source code\oasis baseline source\genscan\x64\release\layer.obj
c:\users\aacit\documents\oasis-challenge-baseline-code-and-models\oasis baseline source code\oasis baseline source\genscan\x64\release\main_genscan.obj
c:\users\aacit\documents\oasis-challenge-baseline-code-and-models\oasis baseline source code\oasis baseline source\genscan\x64\release\clipper.obj
c:\users\aacit\documents\oasis-challenge-baseline-code-and-models\oasis baseline source code\oasis baseline source\genscan\x64\release\readexcelconfig.obj
c:\users\aacit\documents\oasis-challenge-baseline-code-and-models\oasis baseline source code\oasis baseline source\genscan\x64\release\io_functions.obj
c:\users\aacit\documents\oasis-challenge-baseline-code-and-models\oasis baseline source code\oasis baseline source\genscan\x64\release\errorchecks.obj
c:\users\aacit\documents\oasis-challenge-baseline-code-and-models\oasis baseline source code\oasis baseline source\genscan\x64\release\basicexcel.obj
c:\users\aacit\documents\oasis-challenge-baseline-code-and-models\oasis baseline source code\oasis baseline source\createscanpaths\genscan.exe
c:\users\aacit\documents\oasis-challenge-baseline-code-and-models\oasis baseline source code\oasis baseline source\createscanpaths\genscan.ipdb
c:\users\aacit\documents\oasis-challenge-baseline-code-and-models\oasis baseline source code\oasis baseline source\createscanpaths\genscan.iobj
c:\users\aacit\documents\oasis-challenge-baseline-code-and-models\oasis baseline source code\oasis baseline source\genscan\x64\release\genscan.tlog\cl.command.1.tlog
c:\users\aacit\documents\oasis-challenge-baseline-code-and-models\oasis baseline source code\oasis baseline source\genscan\x64\release\genscan.tlog\cl.read.1.tlog
c:\users\aacit\documents\oasis-challenge-baseline-code-and-models\oasis baseline source code\oasis baseline source\genscan\x64\release\genscan.tlog\cl.write.1.tlog
c:\users\aacit\documents\oasis-challenge-baseline-code-and-models\oasis baseline source code\oasis baseline source\genscan\x64\release\genscan.tlog\link.command.1.tlog
c:\users\aacit\documents\oasis-challenge-baseline-code-and-models\oasis baseline source code\oasis baseline source\genscan\x64\release\genscan.tlog\link.read.1.tlog
c:\users\aacit\documents\oasis-challenge-baseline-code-and-models\oasis baseline source code\oasis baseline source\genscan\x64\release\genscan.tlog\link.write.1.tlog
