  writeScanXML.cpp
c:\users\aacit\documents\oasis-challenge-baseline-code-and-models\oasis baseline source code\oasis baseline source\genscan\ScanPath.h(33): fatal error C1083: Cannot open include file: 'readExcelConfig.h': No such file or directory
  ScanPath.cpp
c:\users\aacit\documents\oasis-challenge-baseline-code-and-models\oasis baseline source code\oasis baseline source\genscan\ScanPath.h(33): fatal error C1083: Cannot open include file: 'readExcelConfig.h': No such file or directory
  Layer.cpp
  main_genScan.cpp
c:\users\aacit\documents\oasis-challenge-baseline-code-and-models\oasis baseline source code\oasis baseline source\genscan\ScanPath.h(33): fatal error C1083: Cannot open include file: 'readExcelConfig.h': No such file or directory
  clipper.cpp
  readExcelConfig.cpp
  io_functions.cpp
  errorChecks.cpp
  BasicExcel.cpp
C:\Program Files (x86)\Microsoft Visual Studio 14.0\VC\include\xutility(2372): warning C4996: 'std::copy::_Unchecked_iterators::_Deprecate': Call to 'std::copy' with parameters that may be unsafe - this call relies on the caller to check that the passed values are correct. To disable this warning, use -D_SCL_SECURE_NO_WARNINGS. See documentation on how to use Visual C++ 'Checked Iterators'
  C:\Program Files (x86)\Microsoft Visual Studio 14.0\VC\include\xutility(2372): note: see declaration of 'std::copy::_Unchecked_iterators::_Deprecate'
  ..\shared_files\BasicExcel.cpp(600): note: see reference to function template instantiation '_OutIt *std::copy<const wchar_t*,wchar_t*>(_InIt,_InIt,_OutIt)' being compiled
          with
          [
              _OutIt=wchar_t *,
              _InIt=const wchar_t *
          ]
